[debug] [2022-05-12T22:05:06.807Z] ----------------------------------------------------------------------
[debug] [2022-05-12T22:05:06.810Z] Command:       C:\Program Files\nodejs\node.exe C:\Users\onyek\AppData\Roaming\npm\node_modules\firebase-tools\lib\bin\firebase.js init
[debug] [2022-05-12T22:05:06.812Z] CLI Version:   10.8.0
[debug] [2022-05-12T22:05:06.812Z] Platform:      win32
[debug] [2022-05-12T22:05:06.812Z] Node Version:  v16.14.0
[debug] [2022-05-12T22:05:06.813Z] Time:          Thu May 12 2022 23:05:06 GMT+0100 (West Africa Standard Time)
[debug] [2022-05-12T22:05:06.814Z] ----------------------------------------------------------------------
[debug] 
[debug] [2022-05-12T22:05:06.826Z] > command requires scopes: ["email","openid","https://www.googleapis.com/auth/cloudplatformprojects.readonly","https://www.googleapis.com/auth/firebase","https://www.googleapis.com/auth/cloud-platform"]
[debug] [2022-05-12T22:05:06.826Z] > authorizing via signed-in user (onyekachionuoha20@gmail.com)
[info] 
     ######## #### ########  ######## ########     ###     ######  ########
     ##        ##  ##     ## ##       ##     ##  ##   ##  ##       ##
     ######    ##  ########  ######   ########  #########  ######  ######
     ##        ##  ##    ##  ##       ##     ## ##     ##       ## ##
     ##       #### ##     ## ######## ########  ##     ##  ######  ########

You're about to initialize a Firebase project in this directory:

  C:\Users\onyek\Desktop\MY-APPS\tinder-clone

[info] 
=== Project Setup
[info] 
[info] First, let's associate this project directory with a Firebase project.
[info] You can create multiple project aliases by running firebase use --add, 
[info] but for now we'll just set up a default project.
[info] 
[debug] [2022-05-12T22:06:33.804Z] >>> [apiv2][query] GET https://firebase.googleapis.com/v1beta1/projects pageSize=100
[debug] [2022-05-12T22:06:45.243Z] Failed to make request to https://firebase.googleapis.com/v1beta1/projects?pageSize=100
[debug] [2022-05-12T22:06:55.545Z] FirebaseError: Failed to make request to https://firebase.googleapis.com/v1beta1/projects?pageSize=100
    at RetryOperation._fn (C:\Users\onyek\AppData\Roaming\npm\node_modules\firebase-tools\lib\apiv2.js:240:31)
    at processTicksAndRejections (node:internal/process/task_queues:96:5)
[error] 
[error] Error: Failed to list Firebase projects. See firebase-debug.log for more info.
